<?xml version="1.0" encoding="UTF-8"?>
<!-- Generated by org.testng.reporters.JUnitXMLReporter -->
<testsuite hostname="tempbuddy-HP" name="Check-Text-Left-Menu" tests="1" failures="1" timestamp="31 Jul 2015 10:19:12 GMT" time="23.482" errors="0">
  <testcase name="checkTextLeftMenu" time="23.472" classname="TBR.FunctionalTestcases.CheckTextLeftMenu">
    <failure type="java.lang.AssertionError" message="expected [true] but found [false]">
      <![CDATA[java.lang.AssertionError: expected [true] but found [false]
	at TBR.TestBase.TestBase.assertTrue(TestBase.java:280)
	at TBR.FunctionalTestcases.CheckTextLeftMenu.checkTextLeftMenu(CheckTextLeftMenu.java:18)
... Removed 28 stack frames]]>
    </failure>
  </testcase> <!-- checkTextLeftMenu -->
</testsuite> <!-- Check-Text-Left-Menu -->
