<?xml version="1.0" encoding="UTF-8"?>
<testng-results skipped="0" failed="0" total="1" passed="1">
  <reporter-output>
  </reporter-output>
  <suite name="Default suite" duration-ms="154427" started-at="2015-10-01T13:13:37Z" finished-at="2015-10-01T13:16:11Z">
    <groups>
    </groups>
    <test name="Default test" duration-ms="154427" started-at="2015-10-01T13:13:37Z" finished-at="2015-10-01T13:16:11Z">
      <class name="TBR.Regression_Testcases.JobsFlowAssignCandidate">
        <test-method status="PASS" signature="regressionSuiteBase()[pri:0, instance:TBR.Regression_Testcases.JobsFlowAssignCandidate@445b295b]" name="regressionSuiteBase" is-config="true" duration-ms="42" started-at="2015-10-01T14:13:37Z" finished-at="2015-10-01T14:13:37Z">
          <reporter-output>
          </reporter-output>
        </test-method> <!-- regressionSuiteBase -->
        <test-method status="PASS" signature="jobsFlowAssignCandidate(java.util.Hashtable)[pri:0, instance:TBR.Regression_Testcases.JobsFlowAssignCandidate@445b295b]" name="jobsFlowAssignCandidate" duration-ms="154409" started-at="2015-10-01T14:13:37Z" data-provider="getJobsAssignCandidateData" finished-at="2015-10-01T14:16:11Z">
          <params>
            <param index="0">
              <value>
                <![CDATA[{CandidateName=jack, CandidateAction=reject, BookingFeeStep3=0, FeeFrequencyStep3=Hourly, TagsStep5=, PayRateStep3=10, CategoryStep5=Driver, cPurchaseS=abc, cnameS1=Watsons, cMinBillHours=, runmode=, BillRateStep3=20, cTitleS2=jobLatestSep, cDescription=abc, BillingTypeStep3=Per hour, cNumPos=1}]]>
              </value>
            </param>
          </params>
          <reporter-output>
          </reporter-output>
        </test-method> <!-- jobsFlowAssignCandidate -->
        <test-method status="PASS" signature="tearDown()[pri:0, instance:TBR.Regression_Testcases.JobsFlowAssignCandidate@445b295b]" name="tearDown" is-config="true" duration-ms="17" started-at="2015-10-01T14:16:11Z" finished-at="2015-10-01T14:16:11Z">
          <reporter-output>
          </reporter-output>
        </test-method> <!-- tearDown -->
      </class> <!-- TBR.Regression_Testcases.JobsFlowAssignCandidate -->
    </test> <!-- Default test -->
  </suite> <!-- Default suite -->
</testng-results>
