<?xml version="1.0" encoding="UTF-8"?>
<!-- Generated by org.testng.reporters.JUnitXMLReporter -->
<testsuite hostname="tempbuddy-HP" name="for Jobs-flow-match-Candidate-to-Job" tests="1" failures="1" timestamp="21 Sep 2015 10:50:22 GMT" time="93.123" errors="0">
  <testcase name="jobsFlowAssignJobRough" time="93.118" classname="TBR.Regression_Testcases.JobsFlowMatchCandidateToJob">
    <failure type="org.openqa.selenium.UnhandledAlertException" message="Unexpected modal dialog (text: Error: Failed to assign Candidate to Job.): Error: Failed to assign Candidate to Job.
Build info: version: &amp;apos;2.46.0&amp;apos;, revision: &amp;apos;61506a4624b13675f24581e453592342b7485d71&amp;apos;, time: &amp;apos;2015-06-04 10:22:50&amp;apos;
System info: host: &amp;apos;tempbuddy-HP&amp;apos;, ip: &amp;apos;192.168.1.18&amp;apos;, os.name: &amp;apos;Windows 7&amp;apos;, os.arch: &amp;apos;amd64&amp;apos;, os.version: &amp;apos;6.1&amp;apos;, java.version: &amp;apos;1.8.0_45&amp;apos;
Driver info: org.openqa.selenium.firefox.FirefoxDriver
Capabilities [{applicationCacheEnabled=true, rotatable=false, handlesAlerts=true, databaseEnabled=true, version=38.0.5, platform=WINDOWS, nativeEvents=false, acceptSslCerts=true, webStorageEnabled=true, locationContextEnabled=true, browserName=firefox, takesScreenshot=true, javascriptEnabled=true, cssSelectorsEnabled=true}]
Session ID: 4415c14c-b2a8-4e81-98c0-915b63e0c915
*** Element info: {Using=id, value=unassignedJobText}">
      <![CDATA[org.openqa.selenium.UnhandledAlertException: Unexpected modal dialog (text: Error: Failed to assign Candidate to Job.): Error: Failed to assign Candidate to Job.
Build info: version: '2.46.0', revision: '61506a4624b13675f24581e453592342b7485d71', time: '2015-06-04 10:22:50'
System info: host: 'tempbuddy-HP', ip: '192.168.1.18', os.name: 'Windows 7', os.arch: 'amd64', os.version: '6.1', java.version: '1.8.0_45'
Driver info: org.openqa.selenium.firefox.FirefoxDriver
Capabilities [{applicationCacheEnabled=true, rotatable=false, handlesAlerts=true, databaseEnabled=true, version=38.0.5, platform=WINDOWS, nativeEvents=false, acceptSslCerts=true, webStorageEnabled=true, locationContextEnabled=true, browserName=firefox, takesScreenshot=true, javascriptEnabled=true, cssSelectorsEnabled=true}]
Session ID: 4415c14c-b2a8-4e81-98c0-915b63e0c915
*** Element info: {Using=id, value=unassignedJobText}
	at org.openqa.selenium.remote.ErrorHandler.createThrowable(ErrorHandler.java:204)
	at org.openqa.selenium.remote.ErrorHandler.createUnhandledAlertException(ErrorHandler.java:185)
	at org.openqa.selenium.remote.ErrorHandler.throwIfResponseFailed(ErrorHandler.java:152)
	at org.openqa.selenium.remote.RemoteWebDriver.execute(RemoteWebDriver.java:605)
	at org.openqa.selenium.remote.RemoteWebDriver.findElement(RemoteWebDriver.java:358)
	at org.openqa.selenium.remote.RemoteWebDriver.findElementById(RemoteWebDriver.java:399)
	at org.openqa.selenium.By$ById.findElement(By.java:215)
	at org.openqa.selenium.remote.RemoteWebDriver.findElement(RemoteWebDriver.java:350)
	at TBR.TestBase.TestBase.getObjectById(TestBase.java:116)
	at TBR.Regression_Testcases.JobsFlowMatchCandidateToJob.jobsFlowAssignJobRough(JobsFlowMatchCandidateToJob.java:217)
... Removed 29 stack frames]]>
    </failure>
  </testcase> <!-- jobsFlowAssignJobRough -->
</testsuite> <!-- for Jobs-flow-match-Candidate-to-Job -->
