<?xml version="1.0" encoding="UTF-8"?>
<!-- Generated by org.testng.reporters.JUnitXMLReporter -->
<testsuite hostname="tempbuddy-HP" name="for Clone-Job" tests="1" failures="1" timestamp="29 Sep 2015 10:26:23 GMT" time="212.443" errors="0">
  <testcase name="cloneJob" time="212.44" classname="TBR.Regression_Testcases.CloneJob">
    <failure type="java.lang.AssertionError" message="expected [seashore1] but found [seashore]">
      <![CDATA[java.lang.AssertionError: expected [seashore1] but found [seashore]
	at TBR.Regression_Testcases.CloneJob.cloneJob(CloneJob.java:108)
... Removed 30 stack frames]]>
    </failure>
  </testcase> <!-- cloneJob -->
</testsuite> <!-- for Clone-Job -->
