<?xml version="1.0" encoding="UTF-8"?>
<!-- Generated by org.testng.reporters.JUnitXMLReporter -->
<testsuite hostname="tempbuddy-HP" name="for Add-New-Client" tests="1" failures="1" timestamp="11 Dec 2015 17:07:32 GMT" time="67.894" errors="0">
  <testcase name="addNewClient" time="67.593" classname="TBR.Regression_Testcases.AddNewClient">
    <failure type="java.lang.AssertionError" message="expected [BurgerKing] but found [apple]">
      <![CDATA[java.lang.AssertionError: expected [BurgerKing] but found [apple]
	at TBR.Regression_Testcases.AddNewClient.addNewClient(AddNewClient.java:88)
... Removed 29 stack frames]]>
    </failure>
  </testcase> <!-- addNewClient -->
</testsuite> <!-- for Add-New-Client -->
