<?xml version="1.0" encoding="UTF-8"?>
<!-- Generated by org.testng.reporters.JUnitXMLReporter -->
<testsuite hostname="tempbuddy-HP" name="for Jobs-flow-dont-match-save-Job-Change-Margin" tests="1" failures="1" timestamp="29 Sep 2015 11:11:27 GMT" time="49.391" errors="0">
  <testcase name="jobsFlowChangeMargin" time="49.386" classname="TBR.Regression_Testcases.JobsFlowDontMatchChangeMargin">
    <failure type="java.lang.AssertionError" message="expected [100.00] but found [99.97]">
      <![CDATA[java.lang.AssertionError: expected [100.00] but found [99.97]
	at TBR.Regression_Testcases.JobsFlowDontMatchChangeMargin.jobsFlowChangeMargin(JobsFlowDontMatchChangeMargin.java:134)
... Removed 30 stack frames]]>
    </failure>
  </testcase> <!-- jobsFlowChangeMargin -->
</testsuite> <!-- for Jobs-flow-dont-match-save-Job-Change-Margin -->
